  main.cpp
C:\Users\st990\source\repos\Project2\Project2\main.cpp(1,1): warning C4828: 檔案包含起始於位移 0x79 的字元，在目前的來源字元集 (字碼頁 65001) 中不是合法的字元。
C:\Users\st990\source\repos\Project2\Project2\main.cpp(1,1): warning C4828: 檔案包含起始於位移 0x7a 的字元，在目前的來源字元集 (字碼頁 65001) 中不是合法的字元。
C:\Users\st990\source\repos\Project2\Project2\main.cpp(1,1): warning C4828: 檔案包含起始於位移 0x7d 的字元，在目前的來源字元集 (字碼頁 65001) 中不是合法的字元。
C:\Users\st990\source\repos\Project2\Project2\main.cpp(1,1): warning C4828: 檔案包含起始於位移 0x7f 的字元，在目前的來源字元集 (字碼頁 65001) 中不是合法的字元。
C:\Users\st990\source\repos\Project2\Project2\main.cpp(1,1): warning C4828: 檔案包含起始於位移 0xa3 的字元，在目前的來源字元集 (字碼頁 65001) 中不是合法的字元。
C:\Users\st990\source\repos\Project2\Project2\main.cpp(1,1): warning C4828: 檔案包含起始於位移 0xa7 的字元，在目前的來源字元集 (字碼頁 65001) 中不是合法的字元。
C:\Users\st990\source\repos\Project2\Project2\main.cpp(1,1): warning C4828: 檔案包含起始於位移 0xa9 的字元，在目前的來源字元集 (字碼頁 65001) 中不是合法的字元。
C:\Users\st990\source\repos\Project2\Project2\main.cpp(1,1): warning C4828: 檔案包含起始於位移 0xc3 的字元，在目前的來源字元集 (字碼頁 65001) 中不是合法的字元。
C:\Users\st990\source\repos\Project2\Project2\main.cpp(1,1): warning C4828: 檔案包含起始於位移 0xc4 的字元，在目前的來源字元集 (字碼頁 65001) 中不是合法的字元。
C:\Users\st990\source\repos\Project2\Project2\main.cpp(1,1): warning C4828: 檔案包含起始於位移 0xc5 的字元，在目前的來源字元集 (字碼頁 65001) 中不是合法的字元。
C:\Users\st990\source\repos\Project2\Project2\main.cpp(1,1): warning C4828: 檔案包含起始於位移 0xc7 的字元，在目前的來源字元集 (字碼頁 65001) 中不是合法的字元。
C:\Users\st990\source\repos\Project2\Project2\main.cpp(1,1): warning C4828: 檔案包含起始於位移 0xc8 的字元，在目前的來源字元集 (字碼頁 65001) 中不是合法的字元。
C:\Users\st990\source\repos\Project2\Project2\main.cpp(1,1): warning C4828: 檔案包含起始於位移 0xc9 的字元，在目前的來源字元集 (字碼頁 65001) 中不是合法的字元。
C:\Users\st990\source\repos\Project2\Project2\main.cpp(1,1): warning C4828: 檔案包含起始於位移 0xe4 的字元，在目前的來源字元集 (字碼頁 65001) 中不是合法的字元。
C:\Users\st990\source\repos\Project2\Project2\main.cpp(1,1): warning C4828: 檔案包含起始於位移 0xe5 的字元，在目前的來源字元集 (字碼頁 65001) 中不是合法的字元。
C:\Users\st990\source\repos\Project2\Project2\main.cpp(1,1): warning C4828: 檔案包含起始於位移 0xe6 的字元，在目前的來源字元集 (字碼頁 65001) 中不是合法的字元。
C:\Users\st990\source\repos\Project2\Project2\main.cpp(1,1): warning C4828: 檔案包含起始於位移 0xe8 的字元，在目前的來源字元集 (字碼頁 65001) 中不是合法的字元。
C:\Users\st990\source\repos\Project2\Project2\main.cpp(1,1): warning C4828: 檔案包含起始於位移 0xea 的字元，在目前的來源字元集 (字碼頁 65001) 中不是合法的字元。
C:\Users\st990\source\repos\Project2\Project2\main.cpp(1,1): warning C4828: 檔案包含起始於位移 0x104 的字元，在目前的來源字元集 (字碼頁 65001) 中不是合法的字元。
C:\Users\st990\source\repos\Project2\Project2\main.cpp(1,1): warning C4828: 檔案包含起始於位移 0x105 的字元，在目前的來源字元集 (字碼頁 65001) 中不是合法的字元。
C:\Users\st990\source\repos\Project2\Project2\main.cpp(1,1): warning C4828: 檔案包含起始於位移 0x109 的字元，在目前的來源字元集 (字碼頁 65001) 中不是合法的字元。
C:\Users\st990\source\repos\Project2\Project2\main.cpp(1,1): warning C4828: 檔案包含起始於位移 0x10a 的字元，在目前的來源字元集 (字碼頁 65001) 中不是合法的字元。
C:\Users\st990\source\repos\Project2\Project2\main.cpp(1,1): warning C4828: 檔案包含起始於位移 0x124 的字元，在目前的來源字元集 (字碼頁 65001) 中不是合法的字元。
C:\Users\st990\source\repos\Project2\Project2\main.cpp(1,1): warning C4828: 檔案包含起始於位移 0x125 的字元，在目前的來源字元集 (字碼頁 65001) 中不是合法的字元。
C:\Users\st990\source\repos\Project2\Project2\main.cpp(1,1): warning C4828: 檔案包含起始於位移 0x126 的字元，在目前的來源字元集 (字碼頁 65001) 中不是合法的字元。
C:\Users\st990\source\repos\Project2\Project2\main.cpp(1,1): warning C4828: 檔案包含起始於位移 0x128 的字元，在目前的來源字元集 (字碼頁 65001) 中不是合法的字元。
C:\Users\st990\source\repos\Project2\Project2\main.cpp(1,1): warning C4828: 檔案包含起始於位移 0x142 的字元，在目前的來源字元集 (字碼頁 65001) 中不是合法的字元。
C:\Users\st990\source\repos\Project2\Project2\main.cpp(1,1): warning C4828: 檔案包含起始於位移 0x147 的字元，在目前的來源字元集 (字碼頁 65001) 中不是合法的字元。
C:\Users\st990\source\repos\Project2\Project2\main.cpp(1,1): warning C4828: 檔案包含起始於位移 0x14a 的字元，在目前的來源字元集 (字碼頁 65001) 中不是合法的字元。
C:\Users\st990\source\repos\Project2\Project2\main.cpp(1,1): warning C4828: 檔案包含起始於位移 0x14b 的字元，在目前的來源字元集 (字碼頁 65001) 中不是合法的字元。
C:\Users\st990\source\repos\Project2\Project2\main.cpp(1,1): warning C4828: 檔案包含起始於位移 0x14e 的字元，在目前的來源字元集 (字碼頁 65001) 中不是合法的字元。
C:\Users\st990\source\repos\Project2\Project2\main.cpp(1,1): warning C4828: 檔案包含起始於位移 0x14f 的字元，在目前的來源字元集 (字碼頁 65001) 中不是合法的字元。
C:\Users\st990\source\repos\Project2\Project2\main.cpp(1,1): warning C4828: 檔案包含起始於位移 0x150 的字元，在目前的來源字元集 (字碼頁 65001) 中不是合法的字元。
C:\Users\st990\source\repos\Project2\Project2\main.cpp(1,1): warning C4828: 檔案包含起始於位移 0x154 的字元，在目前的來源字元集 (字碼頁 65001) 中不是合法的字元。
C:\Users\st990\source\repos\Project2\Project2\main.cpp(1,1): warning C4828: 檔案包含起始於位移 0x155 的字元，在目前的來源字元集 (字碼頁 65001) 中不是合法的字元。
C:\Users\st990\source\repos\Project2\Project2\main.cpp(1,1): warning C4828: 檔案包含起始於位移 0x160 的字元，在目前的來源字元集 (字碼頁 65001) 中不是合法的字元。
C:\Users\st990\source\repos\Project2\Project2\main.cpp(1,1): warning C4828: 檔案包含起始於位移 0x161 的字元，在目前的來源字元集 (字碼頁 65001) 中不是合法的字元。
C:\Users\st990\source\repos\Project2\Project2\main.cpp(1,1): warning C4828: 檔案包含起始於位移 0x162 的字元，在目前的來源字元集 (字碼頁 65001) 中不是合法的字元。
C:\Users\st990\source\repos\Project2\Project2\main.cpp(1,1): warning C4828: 檔案包含起始於位移 0x166 的字元，在目前的來源字元集 (字碼頁 65001) 中不是合法的字元。
C:\Users\st990\source\repos\Project2\Project2\main.cpp(1,1): warning C4828: 檔案包含起始於位移 0x167 的字元，在目前的來源字元集 (字碼頁 65001) 中不是合法的字元。
C:\Users\st990\source\repos\Project2\Project2\main.cpp(1,1): warning C4828: 檔案包含起始於位移 0x16a 的字元，在目前的來源字元集 (字碼頁 65001) 中不是合法的字元。
C:\Users\st990\source\repos\Project2\Project2\main.cpp(1,1): warning C4828: 檔案包含起始於位移 0x16c 的字元，在目前的來源字元集 (字碼頁 65001) 中不是合法的字元。
C:\Users\st990\source\repos\Project2\Project2\main.cpp(1,1): warning C4828: 檔案包含起始於位移 0x16d 的字元，在目前的來源字元集 (字碼頁 65001) 中不是合法的字元。
C:\Users\st990\source\repos\Project2\Project2\main.cpp(1,1): warning C4828: 檔案包含起始於位移 0x16e 的字元，在目前的來源字元集 (字碼頁 65001) 中不是合法的字元。
C:\Users\st990\source\repos\Project2\Project2\main.cpp(1,1): warning C4828: 檔案包含起始於位移 0x170 的字元，在目前的來源字元集 (字碼頁 65001) 中不是合法的字元。
C:\Users\st990\source\repos\Project2\Project2\main.cpp(1,1): warning C4828: 檔案包含起始於位移 0x172 的字元，在目前的來源字元集 (字碼頁 65001) 中不是合法的字元。
C:\Users\st990\source\repos\Project2\Project2\main.cpp(1,1): warning C4828: 檔案包含起始於位移 0x177 的字元，在目前的來源字元集 (字碼頁 65001) 中不是合法的字元。
C:\Users\st990\source\repos\Project2\Project2\main.cpp(1,1): warning C4828: 檔案包含起始於位移 0x17a 的字元，在目前的來源字元集 (字碼頁 65001) 中不是合法的字元。
C:\Users\st990\source\repos\Project2\Project2\main.cpp(1,1): warning C4828: 檔案包含起始於位移 0x17c 的字元，在目前的來源字元集 (字碼頁 65001) 中不是合法的字元。
C:\Users\st990\source\repos\Project2\Project2\main.cpp(1,1): warning C4828: 檔案包含起始於位移 0x180 的字元，在目前的來源字元集 (字碼頁 65001) 中不是合法的字元。
C:\Users\st990\source\repos\Project2\Project2\main.cpp(1,1): warning C4828: 檔案包含起始於位移 0x183 的字元，在目前的來源字元集 (字碼頁 65001) 中不是合法的字元。
C:\Users\st990\source\repos\Project2\Project2\main.cpp(1,1): warning C4828: 檔案包含起始於位移 0x184 的字元，在目前的來源字元集 (字碼頁 65001) 中不是合法的字元。
C:\Users\st990\source\repos\Project2\Project2\main.cpp(1,1): warning C4828: 檔案包含起始於位移 0x186 的字元，在目前的來源字元集 (字碼頁 65001) 中不是合法的字元。
C:\Users\st990\source\repos\Project2\Project2\main.cpp(1,1): warning C4828: 檔案包含起始於位移 0x188 的字元，在目前的來源字元集 (字碼頁 65001) 中不是合法的字元。
C:\Users\st990\source\repos\Project2\Project2\main.cpp(1,1): warning C4828: 檔案包含起始於位移 0x18a 的字元，在目前的來源字元集 (字碼頁 65001) 中不是合法的字元。
C:\Users\st990\source\repos\Project2\Project2\main.cpp(1,1): warning C4828: 檔案包含起始於位移 0x18b 的字元，在目前的來源字元集 (字碼頁 65001) 中不是合法的字元。
C:\Users\st990\source\repos\Project2\Project2\main.cpp(1,1): warning C4828: 檔案包含起始於位移 0x18c 的字元，在目前的來源字元集 (字碼頁 65001) 中不是合法的字元。
C:\Users\st990\source\repos\Project2\Project2\main.cpp(1,1): warning C4828: 檔案包含起始於位移 0x18e 的字元，在目前的來源字元集 (字碼頁 65001) 中不是合法的字元。
C:\Users\st990\source\repos\Project2\Project2\main.cpp(1,1): warning C4828: 檔案包含起始於位移 0x18f 的字元，在目前的來源字元集 (字碼頁 65001) 中不是合法的字元。
C:\Users\st990\source\repos\Project2\Project2\main.cpp(1,1): warning C4828: 檔案包含起始於位移 0x193 的字元，在目前的來源字元集 (字碼頁 65001) 中不是合法的字元。
C:\Users\st990\source\repos\Project2\Project2\main.cpp(1,1): warning C4828: 檔案包含起始於位移 0x195 的字元，在目前的來源字元集 (字碼頁 65001) 中不是合法的字元。
C:\Users\st990\source\repos\Project2\Project2\main.cpp(1,1): warning C4828: 檔案包含起始於位移 0x197 的字元，在目前的來源字元集 (字碼頁 65001) 中不是合法的字元。
C:\Users\st990\source\repos\Project2\Project2\main.cpp(1,1): warning C4828: 檔案包含起始於位移 0x199 的字元，在目前的來源字元集 (字碼頁 65001) 中不是合法的字元。
C:\Users\st990\source\repos\Project2\Project2\main.cpp(1,1): warning C4828: 檔案包含起始於位移 0x19b 的字元，在目前的來源字元集 (字碼頁 65001) 中不是合法的字元。
C:\Users\st990\source\repos\Project2\Project2\main.cpp(1,1): warning C4828: 檔案包含起始於位移 0x19d 的字元，在目前的來源字元集 (字碼頁 65001) 中不是合法的字元。
C:\Users\st990\source\repos\Project2\Project2\main.cpp(1,1): warning C4828: 檔案包含起始於位移 0x1a6 的字元，在目前的來源字元集 (字碼頁 65001) 中不是合法的字元。
C:\Users\st990\source\repos\Project2\Project2\main.cpp(1,1): warning C4828: 檔案包含起始於位移 0x1a8 的字元，在目前的來源字元集 (字碼頁 65001) 中不是合法的字元。
C:\Users\st990\source\repos\Project2\Project2\main.cpp(1,1): warning C4828: 檔案包含起始於位移 0x1aa 的字元，在目前的來源字元集 (字碼頁 65001) 中不是合法的字元。
C:\Users\st990\source\repos\Project2\Project2\main.cpp(1,1): warning C4828: 檔案包含起始於位移 0x1ac 的字元，在目前的來源字元集 (字碼頁 65001) 中不是合法的字元。
C:\Users\st990\source\repos\Project2\Project2\main.cpp(1,1): warning C4828: 檔案包含起始於位移 0x1ae 的字元，在目前的來源字元集 (字碼頁 65001) 中不是合法的字元。
C:\Users\st990\source\repos\Project2\Project2\main.cpp(1,1): warning C4828: 檔案包含起始於位移 0x1af 的字元，在目前的來源字元集 (字碼頁 65001) 中不是合法的字元。
C:\Users\st990\source\repos\Project2\Project2\main.cpp(1,1): warning C4828: 檔案包含起始於位移 0x1b0 的字元，在目前的來源字元集 (字碼頁 65001) 中不是合法的字元。
C:\Users\st990\source\repos\Project2\Project2\main.cpp(1,1): warning C4828: 檔案包含起始於位移 0x1b2 的字元，在目前的來源字元集 (字碼頁 65001) 中不是合法的字元。
C:\Users\st990\source\repos\Project2\Project2\main.cpp(1,1): warning C4828: 檔案包含起始於位移 0x1b4 的字元，在目前的來源字元集 (字碼頁 65001) 中不是合法的字元。
C:\Users\st990\source\repos\Project2\Project2\main.cpp(1,1): warning C4828: 檔案包含起始於位移 0x1b7 的字元，在目前的來源字元集 (字碼頁 65001) 中不是合法的字元。
C:\Users\st990\source\repos\Project2\Project2\main.cpp(1,1): warning C4828: 檔案包含起始於位移 0x1bd 的字元，在目前的來源字元集 (字碼頁 65001) 中不是合法的字元。
C:\Users\st990\source\repos\Project2\Project2\main.cpp(1,1): warning C4828: 檔案包含起始於位移 0x1be 的字元，在目前的來源字元集 (字碼頁 65001) 中不是合法的字元。
C:\Users\st990\source\repos\Project2\Project2\main.cpp(1,1): warning C4828: 檔案包含起始於位移 0x1c0 的字元，在目前的來源字元集 (字碼頁 65001) 中不是合法的字元。
C:\Users\st990\source\repos\Project2\Project2\main.cpp(1,1): warning C4828: 檔案包含起始於位移 0x1c1 的字元，在目前的來源字元集 (字碼頁 65001) 中不是合法的字元。
C:\Users\st990\source\repos\Project2\Project2\main.cpp(1,1): warning C4828: 檔案包含起始於位移 0x1c2 的字元，在目前的來源字元集 (字碼頁 65001) 中不是合法的字元。
C:\Users\st990\source\repos\Project2\Project2\main.cpp(1,1): warning C4828: 檔案包含起始於位移 0x1c3 的字元，在目前的來源字元集 (字碼頁 65001) 中不是合法的字元。
C:\Users\st990\source\repos\Project2\Project2\main.cpp(1,1): warning C4828: 檔案包含起始於位移 0x1c6 的字元，在目前的來源字元集 (字碼頁 65001) 中不是合法的字元。
C:\Users\st990\source\repos\Project2\Project2\main.cpp(1,1): warning C4828: 檔案包含起始於位移 0x3d3 的字元，在目前的來源字元集 (字碼頁 65001) 中不是合法的字元。
C:\Users\st990\source\repos\Project2\Project2\main.cpp(1,1): warning C4828: 檔案包含起始於位移 0x3d6 的字元，在目前的來源字元集 (字碼頁 65001) 中不是合法的字元。
C:\Users\st990\source\repos\Project2\Project2\main.cpp(1,1): warning C4828: 檔案包含起始於位移 0x3d9 的字元，在目前的來源字元集 (字碼頁 65001) 中不是合法的字元。
C:\Users\st990\source\repos\Project2\Project2\main.cpp(1,1): warning C4828: 檔案包含起始於位移 0x3db 的字元，在目前的來源字元集 (字碼頁 65001) 中不是合法的字元。
C:\Users\st990\source\repos\Project2\Project2\main.cpp(1,1): warning C4828: 檔案包含起始於位移 0x3dc 的字元，在目前的來源字元集 (字碼頁 65001) 中不是合法的字元。
C:\Users\st990\source\repos\Project2\Project2\main.cpp(1,1): warning C4828: 檔案包含起始於位移 0x3dd 的字元，在目前的來源字元集 (字碼頁 65001) 中不是合法的字元。
C:\Users\st990\source\repos\Project2\Project2\main.cpp(1,1): warning C4828: 檔案包含起始於位移 0x3de 的字元，在目前的來源字元集 (字碼頁 65001) 中不是合法的字元。
C:\Users\st990\source\repos\Project2\Project2\main.cpp(1,1): warning C4828: 檔案包含起始於位移 0x3df 的字元，在目前的來源字元集 (字碼頁 65001) 中不是合法的字元。
C:\Users\st990\source\repos\Project2\Project2\main.cpp(1,1): warning C4828: 檔案包含起始於位移 0x3e0 的字元，在目前的來源字元集 (字碼頁 65001) 中不是合法的字元。
C:\Users\st990\source\repos\Project2\Project2\main.cpp(1,1): warning C4828: 檔案包含起始於位移 0x3fa 的字元，在目前的來源字元集 (字碼頁 65001) 中不是合法的字元。
C:\Users\st990\source\repos\Project2\Project2\main.cpp(1,1): warning C4828: 檔案包含起始於位移 0x3fc 的字元，在目前的來源字元集 (字碼頁 65001) 中不是合法的字元。
C:\Users\st990\source\repos\Project2\Project2\main.cpp(1,1): warning C4828: 檔案包含起始於位移 0x3fe 的字元，在目前的來源字元集 (字碼頁 65001) 中不是合法的字元。
C:\Users\st990\source\repos\Project2\Project2\main.cpp(1,1): warning C4828: 檔案包含起始於位移 0x3ff 的字元，在目前的來源字元集 (字碼頁 65001) 中不是合法的字元。
C:\Users\st990\source\repos\Project2\Project2\main.cpp(1,1): warning C4828: 檔案包含起始於位移 0x400 的字元，在目前的來源字元集 (字碼頁 65001) 中不是合法的字元。
C:\Users\st990\source\repos\Project2\Project2\main.cpp(1,1): warning C4828: 檔案包含起始於位移 0x403 的字元，在目前的來源字元集 (字碼頁 65001) 中不是合法的字元。
C:\Users\st990\source\repos\Project2\Project2\main.cpp(1,1): warning C4828: 檔案包含起始於位移 0x406 的字元，在目前的來源字元集 (字碼頁 65001) 中不是合法的字元。
C:\Users\st990\source\repos\Project2\Project2\main.cpp(1,1): warning C4828: 檔案包含起始於位移 0x407 的字元，在目前的來源字元集 (字碼頁 65001) 中不是合法的字元。
C:\Users\st990\source\repos\Project2\Project2\main.cpp(1,1): warning C4828: 檔案包含起始於位移 0x408 的字元，在目前的來源字元集 (字碼頁 65001) 中不是合法的字元。
C:\Users\st990\source\repos\Project2\Project2\main.cpp(1,1): warning C4828: 檔案包含起始於位移 0x40a 的字元，在目前的來源字元集 (字碼頁 65001) 中不是合法的字元。
C:\Users\st990\source\repos\Project2\Project2\main.cpp(1,1): warning C4828: 檔案包含起始於位移 0x40c 的字元，在目前的來源字元集 (字碼頁 65001) 中不是合法的字元。
C:\Users\st990\source\repos\Project2\Project2\main.cpp(1,1): warning C4828: 檔案包含起始於位移 0x40d 的字元，在目前的來源字元集 (字碼頁 65001) 中不是合法的字元。
C:\Users\st990\source\repos\Project2\Project2\main.cpp(1,1): warning C4828: 檔案包含起始於位移 0x410 的字元，在目前的來源字元集 (字碼頁 65001) 中不是合法的字元。
C:\Users\st990\source\repos\Project2\Project2\main.cpp(1,1): warning C4828: 檔案包含起始於位移 0x412 的字元，在目前的來源字元集 (字碼頁 65001) 中不是合法的字元。
C:\Users\st990\source\repos\Project2\Project2\main.cpp(1,1): warning C4828: 檔案包含起始於位移 0x4cf 的字元，在目前的來源字元集 (字碼頁 65001) 中不是合法的字元。
C:\Users\st990\source\repos\Project2\Project2\main.cpp(1,1): warning C4828: 檔案包含起始於位移 0x4d0 的字元，在目前的來源字元集 (字碼頁 65001) 中不是合法的字元。
C:\Users\st990\source\repos\Project2\Project2\main.cpp(1,1): warning C4828: 檔案包含起始於位移 0x4d1 的字元，在目前的來源字元集 (字碼頁 65001) 中不是合法的字元。
C:\Users\st990\source\repos\Project2\Project2\main.cpp(1,1): warning C4828: 檔案包含起始於位移 0x4d2 的字元，在目前的來源字元集 (字碼頁 65001) 中不是合法的字元。
C:\Users\st990\source\repos\Project2\Project2\main.cpp(1,1): warning C4828: 檔案包含起始於位移 0x4d3 的字元，在目前的來源字元集 (字碼頁 65001) 中不是合法的字元。
C:\Users\st990\source\repos\Project2\Project2\main.cpp(1,1): warning C4828: 檔案包含起始於位移 0x4d4 的字元，在目前的來源字元集 (字碼頁 65001) 中不是合法的字元。
C:\Users\st990\source\repos\Project2\Project2\main.cpp(1,1): warning C4828: 檔案包含起始於位移 0x4d7 的字元，在目前的來源字元集 (字碼頁 65001) 中不是合法的字元。
C:\Users\st990\source\repos\Project2\Project2\main.cpp(1,1): warning C4828: 檔案包含起始於位移 0x4d8 的字元，在目前的來源字元集 (字碼頁 65001) 中不是合法的字元。
C:\Users\st990\source\repos\Project2\Project2\main.cpp(1,1): warning C4828: 檔案包含起始於位移 0x4d9 的字元，在目前的來源字元集 (字碼頁 65001) 中不是合法的字元。
C:\Users\st990\source\repos\Project2\Project2\main.cpp(1,1): warning C4828: 檔案包含起始於位移 0x4fd 的字元，在目前的來源字元集 (字碼頁 65001) 中不是合法的字元。
C:\Users\st990\source\repos\Project2\Project2\main.cpp(1,1): warning C4828: 檔案包含起始於位移 0x4fe 的字元，在目前的來源字元集 (字碼頁 65001) 中不是合法的字元。
C:\Users\st990\source\repos\Project2\Project2\main.cpp(1,1): warning C4828: 檔案包含起始於位移 0x501 的字元，在目前的來源字元集 (字碼頁 65001) 中不是合法的字元。
C:\Users\st990\source\repos\Project2\Project2\main.cpp(1,1): warning C4828: 檔案包含起始於位移 0x504 的字元，在目前的來源字元集 (字碼頁 65001) 中不是合法的字元。
C:\Users\st990\source\repos\Project2\Project2\main.cpp(1,1): warning C4828: 檔案包含起始於位移 0x505 的字元，在目前的來源字元集 (字碼頁 65001) 中不是合法的字元。
C:\Users\st990\source\repos\Project2\Project2\main.cpp(1,1): warning C4828: 檔案包含起始於位移 0x506 的字元，在目前的來源字元集 (字碼頁 65001) 中不是合法的字元。
C:\Users\st990\source\repos\Project2\Project2\main.cpp(1,1): warning C4828: 檔案包含起始於位移 0x532 的字元，在目前的來源字元集 (字碼頁 65001) 中不是合法的字元。
C:\Users\st990\source\repos\Project2\Project2\main.cpp(1,1): warning C4828: 檔案包含起始於位移 0x533 的字元，在目前的來源字元集 (字碼頁 65001) 中不是合法的字元。
C:\Users\st990\source\repos\Project2\Project2\main.cpp(1,1): warning C4828: 檔案包含起始於位移 0x536 的字元，在目前的來源字元集 (字碼頁 65001) 中不是合法的字元。
C:\Users\st990\source\repos\Project2\Project2\main.cpp(1,1): warning C4828: 檔案包含起始於位移 0x537 的字元，在目前的來源字元集 (字碼頁 65001) 中不是合法的字元。
C:\Users\st990\source\repos\Project2\Project2\main.cpp(1,1): warning C4828: 檔案包含起始於位移 0x538 的字元，在目前的來源字元集 (字碼頁 65001) 中不是合法的字元。
C:\Users\st990\source\repos\Project2\Project2\main.cpp(1,1): warning C4828: 檔案包含起始於位移 0x539 的字元，在目前的來源字元集 (字碼頁 65001) 中不是合法的字元。
C:\Users\st990\source\repos\Project2\Project2\main.cpp(1,1): warning C4828: 檔案包含起始於位移 0x551 的字元，在目前的來源字元集 (字碼頁 65001) 中不是合法的字元。
C:\Users\st990\source\repos\Project2\Project2\main.cpp(1,1): warning C4828: 檔案包含起始於位移 0x552 的字元，在目前的來源字元集 (字碼頁 65001) 中不是合法的字元。
C:\Users\st990\source\repos\Project2\Project2\main.cpp(1,1): warning C4828: 檔案包含起始於位移 0x555 的字元，在目前的來源字元集 (字碼頁 65001) 中不是合法的字元。
C:\Users\st990\source\repos\Project2\Project2\main.cpp(1,1): warning C4828: 檔案包含起始於位移 0x556 的字元，在目前的來源字元集 (字碼頁 65001) 中不是合法的字元。
C:\Users\st990\source\repos\Project2\Project2\main.cpp(1,1): warning C4828: 檔案包含起始於位移 0x557 的字元，在目前的來源字元集 (字碼頁 65001) 中不是合法的字元。
C:\Users\st990\source\repos\Project2\Project2\main.cpp(1,1): warning C4828: 檔案包含起始於位移 0x558 的字元，在目前的來源字元集 (字碼頁 65001) 中不是合法的字元。
C:\Users\st990\source\repos\Project2\Project2\main.cpp(1,1): warning C4828: 檔案包含起始於位移 0x559 的字元，在目前的來源字元集 (字碼頁 65001) 中不是合法的字元。
C:\Users\st990\source\repos\Project2\Project2\main.cpp(1,1): warning C4828: 檔案包含起始於位移 0x55a 的字元，在目前的來源字元集 (字碼頁 65001) 中不是合法的字元。
C:\Users\st990\source\repos\Project2\Project2\main.cpp(1,1): warning C4828: 檔案包含起始於位移 0x57a 的字元，在目前的來源字元集 (字碼頁 65001) 中不是合法的字元。
C:\Users\st990\source\repos\Project2\Project2\main.cpp(1,1): warning C4828: 檔案包含起始於位移 0x57c 的字元，在目前的來源字元集 (字碼頁 65001) 中不是合法的字元。
C:\Users\st990\source\repos\Project2\Project2\main.cpp(1,1): warning C4828: 檔案包含起始於位移 0x57d 的字元，在目前的來源字元集 (字碼頁 65001) 中不是合法的字元。
C:\Users\st990\source\repos\Project2\Project2\main.cpp(1,1): warning C4828: 檔案包含起始於位移 0x57e 的字元，在目前的來源字元集 (字碼頁 65001) 中不是合法的字元。
C:\Users\st990\source\repos\Project2\Project2\main.cpp(1,1): warning C4828: 檔案包含起始於位移 0x580 的字元，在目前的來源字元集 (字碼頁 65001) 中不是合法的字元。
C:\Users\st990\source\repos\Project2\Project2\main.cpp(1,1): warning C4828: 檔案包含起始於位移 0x582 的字元，在目前的來源字元集 (字碼頁 65001) 中不是合法的字元。
C:\Users\st990\source\repos\Project2\Project2\main.cpp(1,1): warning C4828: 檔案包含起始於位移 0x66a 的字元，在目前的來源字元集 (字碼頁 65001) 中不是合法的字元。
C:\Users\st990\source\repos\Project2\Project2\main.cpp(1,1): warning C4828: 檔案包含起始於位移 0x672 的字元，在目前的來源字元集 (字碼頁 65001) 中不是合法的字元。
C:\Users\st990\source\repos\Project2\Project2\main.cpp(1,1): warning C4828: 檔案包含起始於位移 0x673 的字元，在目前的來源字元集 (字碼頁 65001) 中不是合法的字元。
C:\Users\st990\source\repos\Project2\Project2\main.cpp(1,1): warning C4828: 檔案包含起始於位移 0x676 的字元，在目前的來源字元集 (字碼頁 65001) 中不是合法的字元。
C:\Users\st990\source\repos\Project2\Project2\main.cpp(1,1): warning C4828: 檔案包含起始於位移 0x677 的字元，在目前的來源字元集 (字碼頁 65001) 中不是合法的字元。
C:\Users\st990\source\repos\Project2\Project2\main.cpp(1,1): warning C4828: 檔案包含起始於位移 0x67a 的字元，在目前的來源字元集 (字碼頁 65001) 中不是合法的字元。
C:\Users\st990\source\repos\Project2\Project2\main.cpp(1,1): warning C4828: 檔案包含起始於位移 0x67b 的字元，在目前的來源字元集 (字碼頁 65001) 中不是合法的字元。
C:\Users\st990\source\repos\Project2\Project2\main.cpp(1,1): warning C4828: 檔案包含起始於位移 0x67c 的字元，在目前的來源字元集 (字碼頁 65001) 中不是合法的字元。
C:\Users\st990\source\repos\Project2\Project2\main.cpp(1,1): warning C4828: 檔案包含起始於位移 0x67e 的字元，在目前的來源字元集 (字碼頁 65001) 中不是合法的字元。
C:\Users\st990\source\repos\Project2\Project2\main.cpp(1,1): warning C4828: 檔案包含起始於位移 0x67f 的字元，在目前的來源字元集 (字碼頁 65001) 中不是合法的字元。
C:\Users\st990\source\repos\Project2\Project2\main.cpp(1,1): warning C4828: 檔案包含起始於位移 0x680 的字元，在目前的來源字元集 (字碼頁 65001) 中不是合法的字元。
C:\Users\st990\source\repos\Project2\Project2\main.cpp(1,1): warning C4828: 檔案包含起始於位移 0x682 的字元，在目前的來源字元集 (字碼頁 65001) 中不是合法的字元。
C:\Users\st990\source\repos\Project2\Project2\main.cpp(1,1): warning C4828: 檔案包含起始於位移 0xba9 的字元，在目前的來源字元集 (字碼頁 65001) 中不是合法的字元。
C:\Users\st990\source\repos\Project2\Project2\main.cpp(1,1): warning C4828: 檔案包含起始於位移 0xbaa 的字元，在目前的來源字元集 (字碼頁 65001) 中不是合法的字元。
C:\Users\st990\source\repos\Project2\Project2\main.cpp(1,1): warning C4828: 檔案包含起始於位移 0xbab 的字元，在目前的來源字元集 (字碼頁 65001) 中不是合法的字元。
C:\Users\st990\source\repos\Project2\Project2\main.cpp(1,1): warning C4828: 檔案包含起始於位移 0xbac 的字元，在目前的來源字元集 (字碼頁 65001) 中不是合法的字元。
C:\Users\st990\source\repos\Project2\Project2\main.cpp(1,1): warning C4828: 檔案包含起始於位移 0xbad 的字元，在目前的來源字元集 (字碼頁 65001) 中不是合法的字元。
C:\Users\st990\source\repos\Project2\Project2\main.cpp(1,1): warning C4828: 檔案包含起始於位移 0xbae 的字元，在目前的來源字元集 (字碼頁 65001) 中不是合法的字元。
C:\Users\st990\source\repos\Project2\Project2\main.cpp(1,1): warning C4828: 檔案包含起始於位移 0xbb1 的字元，在目前的來源字元集 (字碼頁 65001) 中不是合法的字元。
C:\Users\st990\source\repos\Project2\Project2\main.cpp(1,1): warning C4828: 檔案包含起始於位移 0xbb2 的字元，在目前的來源字元集 (字碼頁 65001) 中不是合法的字元。
C:\Users\st990\source\repos\Project2\Project2\main.cpp(1,1): warning C4828: 檔案包含起始於位移 0xbb3 的字元，在目前的來源字元集 (字碼頁 65001) 中不是合法的字元。
C:\Users\st990\source\repos\Project2\Project2\main.cpp(1,1): warning C4828: 檔案包含起始於位移 0xef7 的字元，在目前的來源字元集 (字碼頁 65001) 中不是合法的字元。
C:\Users\st990\source\repos\Project2\Project2\main.cpp(1,1): warning C4828: 檔案包含起始於位移 0xef9 的字元，在目前的來源字元集 (字碼頁 65001) 中不是合法的字元。
C:\Users\st990\source\repos\Project2\Project2\main.cpp(1,1): warning C4828: 檔案包含起始於位移 0xefb 的字元，在目前的來源字元集 (字碼頁 65001) 中不是合法的字元。
C:\Users\st990\source\repos\Project2\Project2\main.cpp(1,1): warning C4828: 檔案包含起始於位移 0xefc 的字元，在目前的來源字元集 (字碼頁 65001) 中不是合法的字元。
C:\Users\st990\source\repos\Project2\Project2\main.cpp(1,1): warning C4828: 檔案包含起始於位移 0xeff 的字元，在目前的來源字元集 (字碼頁 65001) 中不是合法的字元。
C:\Users\st990\source\repos\Project2\Project2\main.cpp(1,1): warning C4828: 檔案包含起始於位移 0xf01 的字元，在目前的來源字元集 (字碼頁 65001) 中不是合法的字元。
C:\Users\st990\source\repos\Project2\Project2\main.cpp(1,1): warning C4828: 檔案包含起始於位移 0xf03 的字元，在目前的來源字元集 (字碼頁 65001) 中不是合法的字元。
C:\Users\st990\source\repos\Project2\Project2\main.cpp(1,1): warning C4828: 檔案包含起始於位移 0xf04 的字元，在目前的來源字元集 (字碼頁 65001) 中不是合法的字元。
C:\Users\st990\source\repos\Project2\Project2\main.cpp(1,1): warning C4828: 檔案包含起始於位移 0xf05 的字元，在目前的來源字元集 (字碼頁 65001) 中不是合法的字元。
C:\Users\st990\source\repos\Project2\Project2\main.cpp(1,1): warning C4828: 檔案包含起始於位移 0xf06 的字元，在目前的來源字元集 (字碼頁 65001) 中不是合法的字元。
C:\Users\st990\source\repos\Project2\Project2\main.cpp(1,1): warning C4828: 檔案包含起始於位移 0x11db 的字元，在目前的來源字元集 (字碼頁 65001) 中不是合法的字元。
C:\Users\st990\source\repos\Project2\Project2\main.cpp(1,1): warning C4828: 檔案包含起始於位移 0x11dd 的字元，在目前的來源字元集 (字碼頁 65001) 中不是合法的字元。
C:\Users\st990\source\repos\Project2\Project2\main.cpp(1,1): warning C4828: 檔案包含起始於位移 0x11de 的字元，在目前的來源字元集 (字碼頁 65001) 中不是合法的字元。
C:\Users\st990\source\repos\Project2\Project2\main.cpp(1,1): warning C4828: 檔案包含起始於位移 0x11f0 的字元，在目前的來源字元集 (字碼頁 65001) 中不是合法的字元。
C:\Users\st990\source\repos\Project2\Project2\main.cpp(1,1): warning C4828: 檔案包含起始於位移 0x11f2 的字元，在目前的來源字元集 (字碼頁 65001) 中不是合法的字元。
C:\Users\st990\source\repos\Project2\Project2\main.cpp(1,1): warning C4828: 檔案包含起始於位移 0x11f4 的字元，在目前的來源字元集 (字碼頁 65001) 中不是合法的字元。
C:\Users\st990\source\repos\Project2\Project2\main.cpp(1,1): warning C4828: 檔案包含起始於位移 0x11f5 的字元，在目前的來源字元集 (字碼頁 65001) 中不是合法的字元。
C:\Users\st990\source\repos\Project2\Project2\main.cpp(1,1): warning C4828: 檔案包含起始於位移 0x11f8 的字元，在目前的來源字元集 (字碼頁 65001) 中不是合法的字元。
C:\Users\st990\source\repos\Project2\Project2\main.cpp(1,1): warning C4828: 檔案包含起始於位移 0x11fc 的字元，在目前的來源字元集 (字碼頁 65001) 中不是合法的字元。
C:\Users\st990\source\repos\Project2\Project2\main.cpp(1,1): warning C4828: 檔案包含起始於位移 0x11fd 的字元，在目前的來源字元集 (字碼頁 65001) 中不是合法的字元。
C:\Users\st990\source\repos\Project2\Project2\main.cpp(1,1): warning C4828: 檔案包含起始於位移 0x1200 的字元，在目前的來源字元集 (字碼頁 65001) 中不是合法的字元。
C:\Users\st990\source\repos\Project2\Project2\main.cpp(1,1): warning C4828: 檔案包含起始於位移 0x1202 的字元，在目前的來源字元集 (字碼頁 65001) 中不是合法的字元。
C:\Users\st990\source\repos\Project2\Project2\main.cpp(1,1): warning C4828: 檔案包含起始於位移 0x1203 的字元，在目前的來源字元集 (字碼頁 65001) 中不是合法的字元。
C:\Users\st990\source\repos\Project2\Project2\main.cpp(1,1): warning C4828: 檔案包含起始於位移 0x2d1a 的字元，在目前的來源字元集 (字碼頁 65001) 中不是合法的字元。
C:\Users\st990\source\repos\Project2\Project2\main.cpp(1,1): warning C4828: 檔案包含起始於位移 0x2d1c 的字元，在目前的來源字元集 (字碼頁 65001) 中不是合法的字元。
C:\Users\st990\source\repos\Project2\Project2\main.cpp(1,1): warning C4828: 檔案包含起始於位移 0x2d1d 的字元，在目前的來源字元集 (字碼頁 65001) 中不是合法的字元。
C:\Users\st990\source\repos\Project2\Project2\main.cpp(1,1): warning C4828: 檔案包含起始於位移 0x2d1e 的字元，在目前的來源字元集 (字碼頁 65001) 中不是合法的字元。
C:\Users\st990\source\repos\Project2\Project2\main.cpp(1,1): warning C4828: 檔案包含起始於位移 0x2d1f 的字元，在目前的來源字元集 (字碼頁 65001) 中不是合法的字元。
C:\Users\st990\source\repos\Project2\Project2\main.cpp(1,1): warning C4828: 檔案包含起始於位移 0x2d20 的字元，在目前的來源字元集 (字碼頁 65001) 中不是合法的字元。
C:\Users\st990\source\repos\Project2\Project2\main.cpp(1,1): warning C4828: 檔案包含起始於位移 0x2d21 的字元，在目前的來源字元集 (字碼頁 65001) 中不是合法的字元。
C:\Users\st990\source\repos\Project2\Project2\main.cpp(1,1): warning C4828: 檔案包含起始於位移 0x2d4f 的字元，在目前的來源字元集 (字碼頁 65001) 中不是合法的字元。
C:\Users\st990\source\repos\Project2\Project2\main.cpp(1,1): warning C4828: 檔案包含起始於位移 0x2d51 的字元，在目前的來源字元集 (字碼頁 65001) 中不是合法的字元。
C:\Users\st990\source\repos\Project2\Project2\main.cpp(1,1): warning C4828: 檔案包含起始於位移 0x2d53 的字元，在目前的來源字元集 (字碼頁 65001) 中不是合法的字元。
C:\Users\st990\source\repos\Project2\Project2\main.cpp(1,1): warning C4828: 檔案包含起始於位移 0x2d54 的字元，在目前的來源字元集 (字碼頁 65001) 中不是合法的字元。
C:\Users\st990\source\repos\Project2\Project2\main.h(1,1): warning C4828: 檔案包含起始於位移 0x1d9 的字元，在目前的來源字元集 (字碼頁 65001) 中不是合法的字元。
C:\Users\st990\source\repos\Project2\Project2\main.h(1,1): warning C4828: 檔案包含起始於位移 0x1db 的字元，在目前的來源字元集 (字碼頁 65001) 中不是合法的字元。
C:\Users\st990\source\repos\Project2\Project2\main.h(1,1): warning C4828: 檔案包含起始於位移 0x1dd 的字元，在目前的來源字元集 (字碼頁 65001) 中不是合法的字元。
C:\Users\st990\source\repos\Project2\Project2\main.h(1,1): warning C4828: 檔案包含起始於位移 0x1de 的字元，在目前的來源字元集 (字碼頁 65001) 中不是合法的字元。
C:\Users\st990\source\repos\Project2\Project2\main.h(1,1): warning C4828: 檔案包含起始於位移 0x1f0 的字元，在目前的來源字元集 (字碼頁 65001) 中不是合法的字元。
C:\Users\st990\source\repos\Project2\Project2\main.h(1,1): warning C4828: 檔案包含起始於位移 0x1f2 的字元，在目前的來源字元集 (字碼頁 65001) 中不是合法的字元。
C:\Users\st990\source\repos\Project2\Project2\main.h(1,1): warning C4828: 檔案包含起始於位移 0x1f4 的字元，在目前的來源字元集 (字碼頁 65001) 中不是合法的字元。
C:\Users\st990\source\repos\Project2\Project2\main.h(1,1): warning C4828: 檔案包含起始於位移 0x1f5 的字元，在目前的來源字元集 (字碼頁 65001) 中不是合法的字元。
C:\Users\st990\source\repos\Project2\Project2\main.h(1,1): warning C4828: 檔案包含起始於位移 0x1f8 的字元，在目前的來源字元集 (字碼頁 65001) 中不是合法的字元。
C:\Users\st990\source\repos\Project2\Project2\main.h(1,1): warning C4828: 檔案包含起始於位移 0x1fc 的字元，在目前的來源字元集 (字碼頁 65001) 中不是合法的字元。
C:\Users\st990\source\repos\Project2\Project2\main.h(1,1): warning C4828: 檔案包含起始於位移 0x1fd 的字元，在目前的來源字元集 (字碼頁 65001) 中不是合法的字元。
C:\Users\st990\source\repos\Project2\Project2\main.h(1,1): warning C4828: 檔案包含起始於位移 0x200 的字元，在目前的來源字元集 (字碼頁 65001) 中不是合法的字元。
C:\Users\st990\source\repos\Project2\Project2\main.h(1,1): warning C4828: 檔案包含起始於位移 0x202 的字元，在目前的來源字元集 (字碼頁 65001) 中不是合法的字元。
C:\Users\st990\source\repos\Project2\Project2\main.h(1,1): warning C4828: 檔案包含起始於位移 0x203 的字元，在目前的來源字元集 (字碼頁 65001) 中不是合法的字元。
C:\Users\st990\source\repos\Project2\Project2\main.h(1,1): warning C4828: 檔案包含起始於位移 0x1d9 的字元，在目前的來源字元集 (字碼頁 65001) 中不是合法的字元。
C:\Users\st990\source\repos\Project2\Project2\main.h(1,1): warning C4828: 檔案包含起始於位移 0x1db 的字元，在目前的來源字元集 (字碼頁 65001) 中不是合法的字元。
C:\Users\st990\source\repos\Project2\Project2\main.h(1,1): warning C4828: 檔案包含起始於位移 0x1dd 的字元，在目前的來源字元集 (字碼頁 65001) 中不是合法的字元。
C:\Users\st990\source\repos\Project2\Project2\main.h(1,1): warning C4828: 檔案包含起始於位移 0x1de 的字元，在目前的來源字元集 (字碼頁 65001) 中不是合法的字元。
C:\Users\st990\source\repos\Project2\Project2\main.h(1,1): warning C4828: 檔案包含起始於位移 0x1f0 的字元，在目前的來源字元集 (字碼頁 65001) 中不是合法的字元。
C:\Users\st990\source\repos\Project2\Project2\main.h(1,1): warning C4828: 檔案包含起始於位移 0x1f2 的字元，在目前的來源字元集 (字碼頁 65001) 中不是合法的字元。
C:\Users\st990\source\repos\Project2\Project2\main.h(1,1): warning C4828: 檔案包含起始於位移 0x1f4 的字元，在目前的來源字元集 (字碼頁 65001) 中不是合法的字元。
C:\Users\st990\source\repos\Project2\Project2\main.h(1,1): warning C4828: 檔案包含起始於位移 0x1f5 的字元，在目前的來源字元集 (字碼頁 65001) 中不是合法的字元。
C:\Users\st990\source\repos\Project2\Project2\main.h(1,1): warning C4828: 檔案包含起始於位移 0x1f8 的字元，在目前的來源字元集 (字碼頁 65001) 中不是合法的字元。
C:\Users\st990\source\repos\Project2\Project2\main.h(1,1): warning C4828: 檔案包含起始於位移 0x1fc 的字元，在目前的來源字元集 (字碼頁 65001) 中不是合法的字元。
C:\Users\st990\source\repos\Project2\Project2\main.h(1,1): warning C4828: 檔案包含起始於位移 0x1fd 的字元，在目前的來源字元集 (字碼頁 65001) 中不是合法的字元。
C:\Users\st990\source\repos\Project2\Project2\main.h(1,1): warning C4828: 檔案包含起始於位移 0x200 的字元，在目前的來源字元集 (字碼頁 65001) 中不是合法的字元。
C:\Users\st990\source\repos\Project2\Project2\main.h(1,1): warning C4828: 檔案包含起始於位移 0x202 的字元，在目前的來源字元集 (字碼頁 65001) 中不是合法的字元。
C:\Users\st990\source\repos\Project2\Project2\main.h(1,1): warning C4828: 檔案包含起始於位移 0x203 的字元，在目前的來源字元集 (字碼頁 65001) 中不是合法的字元。
C:\Users\st990\source\repos\Project2\Project2\main.cpp(85,12): warning C4244: '引數': 將 'time_t' 轉換為 'unsigned int'，由於類型不同，可能導致資料遺失
  Project2.vcxproj -> C:\Users\st990\source\repos\Project2\x64\Debug\Project2.exe
